<?xml version="1.0" encoding="UTF-8"?>
<!-- Generated by org.testng.reporters.JUnitReportReporter -->
<testsuite hostname="DESKTOP-UTGAIQN" failures="0" tests="1" name="SeleniumPkg.HelloWorld" time="0.016" errors="0" timestamp="2022-11-05T20:13:27 IST" skipped="0">
  <testcase classname="SeleniumPkg.HelloWorld" name="login" time="0.016"/>
  <system-out/>
</testsuite> <!-- SeleniumPkg.HelloWorld -->
