<?xml version="1.0" encoding="UTF-8"?>
<!-- Generated by org.testng.reporters.JUnitReportReporter -->
<testsuite hostname="IT" failures="0" tests="1" name="SeleniumPkg.HelloWorld" time="17.775" errors="0" timestamp="2022-11-23T13:27:14 IST" skipped="0">
  <testcase classname="SeleniumPkg.HelloWorld" name="login" time="17.775"/>
  <system-out/>
</testsuite> <!-- SeleniumPkg.HelloWorld -->
